<?xml version="1.0" encoding="UTF-8"?>
<!-- Generated by org.testng.reporters.JUnitReportReporter -->
<testsuite hostname="DESKTOP-JSQR2G3" failures="0" tests="3" name="AlmosaferTest" time="7.412" errors="0" timestamp="2023-09-23T17:36:49 EET" skipped="0">
  <testcase classname="AlmosaferTest" name="myTest" time="7.171"/>
  <system-out/>
  <testcase classname="AlmosaferTest" name="myTest1" time="0.073"/>
  <system-out/>
  <testcase classname="AlmosaferTest" name="myTest2" time="0.168"/>
  <system-out/>
</testsuite> <!-- AlmosaferTest -->
